<?xml version="1.0" encoding="UTF-8"?>
<testng-results total="2" passed="2" failed="0" skipped="0">
  <reporter-output>
  </reporter-output>
  <suite started-at="2022-09-16T06:41:30Z" name="Suite1" finished-at="2022-09-16T06:42:34Z" duration-ms="64531">
    <groups>
    </groups>
    <test started-at="2022-09-16T06:41:30Z" name="Nopackage" finished-at="2022-09-16T06:42:34Z" duration-ms="64531">
      <class name="com.oib.testscripts.TC02">
        <test-method signature="tc02()[pri:0, instance:com.oib.testscripts.TC02@51891008]" started-at="2022-09-16T12:12:02Z" name="tc02" finished-at="2022-09-16T12:12:34Z" duration-ms="31821" status="PASS">
          <reporter-output>
          </reporter-output>
        </test-method> <!-- tc02 -->
      </class> <!-- com.oib.testscripts.TC02 -->
      <class name="com.oib.testscripts.TC01">
        <test-method signature="tc001()[pri:0, instance:com.oib.testscripts.TC01@508dec2b]" started-at="2022-09-16T12:11:30Z" name="tc001" finished-at="2022-09-16T12:12:02Z" duration-ms="32679" status="PASS">
          <reporter-output>
          </reporter-output>
        </test-method> <!-- tc001 -->
      </class> <!-- com.oib.testscripts.TC01 -->
    </test> <!-- Nopackage -->
  </suite> <!-- Suite1 -->
</testng-results>
